<?xml version="1.0" encoding="UTF-8"?>
<!-- Generated by org.testng.reporters.JUnitReportReporter -->
<testsuite hostname="DESKTOP-62MK6Q3" failures="0" tests="1" name="com.ictak.scripts.EventAdminLogin" time="41.937" errors="0" timestamp="2022-12-11T19:54:27 IST" skipped="0">
  <testcase classname="com.ictak.scripts.EventAdminLogin" name="verifyLogin" time="41.937"/>
  <system-out/>
</testsuite> <!-- com.ictak.scripts.EventAdminLogin -->
