<?xml version="1.0" encoding="UTF-8"?>
<!-- Generated by org.testng.reporters.JUnitReportReporter -->
<testsuite hostname="DESKTOP-62MK6Q3" failures="0" tests="1" name="com.ictak.scripts.EventLinksTest" time="13.408" errors="0" timestamp="2022-12-11T19:59:25 IST" skipped="0">
  <testcase classname="com.ictak.scripts.EventLinksTest" name="verifyEventLinks" time="13.408"/>
  <system-out/>
</testsuite> <!-- com.ictak.scripts.EventLinksTest -->
