<?xml version="1.0" encoding="UTF-8"?>
<!-- Generated by org.testng.reporters.JUnitReportReporter -->
<testsuite hostname="DESKTOP-62MK6Q3" failures="0" tests="1" name="com.ictak.scripts.EventClass" time="34.920" errors="0" timestamp="2022-12-11T20:19:47 IST" skipped="0">
  <testcase classname="com.ictak.scripts.EventClass" name="verifyRegisterEvents" time="34.920"/>
  <system-out/>
</testsuite> <!-- com.ictak.scripts.EventClass -->
