<?xml version="1.0" encoding="UTF-8"?>
<!-- Generated by org.testng.reporters.JUnitReportReporter -->
<testsuite hostname="LAPTOP-S4SC4N1F" failures="0" tests="2" name="com.ictacdemy.scripts.TestclassAdminMembership" time="4.642" errors="0" timestamp="2022-12-11T19:58:46 IST" skipped="0">
  <testcase classname="com.ictacdemy.scripts.TestclassAdminMembership" name="verifypartnershipdownload" time="3.410"/>
  <system-out/>
  <testcase classname="com.ictacdemy.scripts.TestclassAdminMembership" name="verifyLogin" time="1.232"/>
  <system-out/>
</testsuite> <!-- com.ictacdemy.scripts.TestclassAdminMembership -->
