<?xml version="1.0" encoding="UTF-8"?>
<!-- Generated by org.testng.reporters.JUnitReportReporter -->
<testsuite hostname="LAPTOP-S4SC4N1F" failures="0" tests="1" name="com.ictacdemy.scripts.Testclass" time="12.233" errors="0" timestamp="2022-12-11T19:54:27 IST" skipped="0">
  <testcase classname="com.ictacdemy.scripts.Testclass" name="formfill" time="12.233"/>
  <system-out/>
</testsuite> <!-- com.ictacdemy.scripts.Testclass -->
