<?xml version="1.0" encoding="UTF-8"?>
<!-- Generated by org.testng.reporters.JUnitReportReporter -->
<testsuite hostname="LAPTOP-3U3SCVT2" failures="0" tests="1" name="com.ictakwebsite.scripts.AdminStaffTest" time="38.881" errors="0" timestamp="2022-12-11T18:36:28 IST" skipped="0">
  <testcase classname="com.ictakwebsite.scripts.AdminStaffTest" name="VerifyAdminStaffTest" time="38.881"/>
  <system-out/>
</testsuite> <!-- com.ictakwebsite.scripts.AdminStaffTest -->
