<?xml version="1.0" encoding="UTF-8"?>
<!-- Generated by org.testng.reporters.JUnitReportReporter -->
<testsuite hostname="LAPTOP-3U3SCVT2" failures="0" tests="1" name="com.ictakwebsite.scripts.LogoutTest" time="38.533" errors="0" timestamp="2022-12-11T19:02:47 IST" skipped="0">
  <testcase classname="com.ictakwebsite.scripts.LogoutTest" name="VerifyLogOut" time="38.533"/>
  <system-out/>
</testsuite> <!-- com.ictakwebsite.scripts.LogoutTest -->
