<?xml version="1.0" encoding="UTF-8"?>
<!-- Generated by org.testng.reporters.JUnitReportReporter -->
<testsuite hostname="LAPTOP-3U3SCVT2" failures="0" tests="1" name="com.ictakwebsite.scripts.AdminUserTest" time="47.021" errors="0" timestamp="2022-12-11T19:29:36 IST" skipped="0">
  <testcase classname="com.ictakwebsite.scripts.AdminUserTest" name="VerifyAdminUserTest" time="47.021"/>
  <system-out/>
</testsuite> <!-- com.ictakwebsite.scripts.AdminUserTest -->
