<?xml version="1.0" encoding="UTF-8"?>
<!-- Generated by org.testng.reporters.JUnitReportReporter -->
<testsuite hostname="LAPTOP-3U3SCVT2" failures="0" tests="1" name="com.ictakwebsite.scripts.TestClass" time="2.133" errors="0" timestamp="2022-12-05T00:43:51 IST" skipped="0">
  <testcase classname="com.ictakwebsite.scripts.TestClass" name="verifyValidLogin" time="2.133"/>
  <system-out/>
</testsuite> <!-- com.ictakwebsite.scripts.TestClass -->
