<?xml version="1.0" encoding="UTF-8"?>
<!-- Generated by org.testng.reporters.JUnitReportReporter -->
<testsuite hostname="LAPTOP-3U3SCVT2" failures="0" tests="1" name="com.ictakwebsite.scripts.LoginTest" time="48.181" errors="0" timestamp="2022-12-11T18:53:04 IST" skipped="0">
  <testcase classname="com.ictakwebsite.scripts.LoginTest" name="verifyValidLogin" time="48.181"/>
  <system-out/>
</testsuite> <!-- com.ictakwebsite.scripts.LoginTest -->
