<?xml version="1.0" encoding="UTF-8"?>
<!-- Generated by org.testng.reporters.JUnitReportReporter -->
<testsuite hostname="LAPTOP-3U3SCVT2" failures="0" tests="1" name="com.ictakwebsite.scripts.EventTest" time="7.752" errors="0" timestamp="2022-12-11T18:50:04 IST" skipped="0">
  <testcase classname="com.ictakwebsite.scripts.EventTest" name="VerifyValidEvent" time="7.752"/>
  <system-out/>
</testsuite> <!-- com.ictakwebsite.scripts.EventTest -->
