<?xml version="1.0" encoding="UTF-8"?>
<!-- Generated by org.testng.reporters.JUnitReportReporter -->
<testsuite hostname="LAPTOP-3U3SCVT2" failures="0" tests="1" name="com.ictakwebsite.scripts.CoursesTest" time="2.436" errors="0" timestamp="2022-12-11T19:21:23 IST" skipped="0">
  <testcase classname="com.ictakwebsite.scripts.CoursesTest" name="validCourseReg" time="2.436"/>
  <system-out/>
</testsuite> <!-- com.ictakwebsite.scripts.CoursesTest -->
