<?xml version="1.0" encoding="UTF-8"?>
<!-- Generated by org.testng.reporters.JUnitReportReporter -->
<testsuite hostname="Arjuns-MBP.bbrouter" failures="0" tests="1" name="com.groupfive.scripts.Knowledge_Test" time="3.903" errors="0" timestamp="2022-12-11T18:52:47 IST" skipped="0">
  <testcase classname="com.groupfive.scripts.Knowledge_Test" name="Knowledge" time="3.903"/>
  <system-out/>
</testsuite> <!-- com.groupfive.scripts.Knowledge_Test -->
