<?xml version="1.0" encoding="UTF-8"?>
<!-- Generated by org.testng.reporters.JUnitReportReporter -->
<testsuite hostname="Arjuns-MBP.bbrouter" failures="0" tests="1" name="com.groupfive.scripts.ContactUs_Test" time="0.766" errors="0" timestamp="2022-12-11T18:34:18 IST" skipped="0">
  <testcase classname="com.groupfive.scripts.ContactUs_Test" name="verifyContactUs" time="0.766"/>
  <system-out/>
</testsuite> <!-- com.groupfive.scripts.ContactUs_Test -->
