<?xml version="1.0" encoding="UTF-8"?>
<!-- Generated by org.testng.reporters.JUnitReportReporter -->
<testsuite hostname="Arjuns-MBP.bbrouter" failures="0" tests="1" name="com.groupfive.scripts.LoginPage_Test" time="3.075" errors="0" timestamp="2022-12-11T22:09:38 IST" skipped="0">
  <testcase classname="com.groupfive.scripts.LoginPage_Test" name="login" time="3.075"/>
  <system-out/>
</testsuite> <!-- com.groupfive.scripts.LoginPage_Test -->
