<?xml version="1.0" encoding="UTF-8"?>
<!-- Generated by org.testng.reporters.JUnitReportReporter -->
<testsuite hostname="Arjuns-MBP.bbrouter" failures="0" tests="1" name="com.groupfive.scripts.Patrons_Test" time="3.909" errors="0" timestamp="2022-12-11T18:54:59 IST" skipped="0">
  <testcase classname="com.groupfive.scripts.Patrons_Test" name="Patrons" time="3.909"/>
  <system-out/>
</testsuite> <!-- com.groupfive.scripts.Patrons_Test -->
