<?xml version="1.0" encoding="UTF-8"?>
<!-- Generated by org.testng.reporters.JUnitReportReporter -->
<testsuite hostname="Arjuns-MBP.bbrouter" failures="0" tests="1" name="com.groupfive.scripts.Courses_Test" time="1.065" errors="0" timestamp="2022-12-11T18:49:49 IST" skipped="0">
  <testcase classname="com.groupfive.scripts.Courses_Test" name="verifyCourse" time="1.065"/>
  <system-out/>
</testsuite> <!-- com.groupfive.scripts.Courses_Test -->
